0 info it worked if it ends with ok
1 verbose cli [ 'C:\\Program Files (x86)\\nodejs\\node.exe',
1 verbose cli   'C:\\Users\\Antoniya\\AppData\\Roaming\\npm\\node_modules\\npm\\bin\\npm-cli.js',
1 verbose cli   'start' ]
2 info using npm@4.0.3
3 info using node@v8.11.2
4 verbose run-script [ 'prestart', 'start', 'poststart' ]
5 info lifecycle online-shop@1.0.0~prestart: online-shop@1.0.0
6 silly lifecycle online-shop@1.0.0~prestart: no script for prestart, continuing
7 info lifecycle online-shop@1.0.0~start: online-shop@1.0.0
8 verbose lifecycle online-shop@1.0.0~start: unsafe-perm in lifecycle true
9 verbose lifecycle online-shop@1.0.0~start: PATH: C:\Users\Antoniya\AppData\Roaming\npm\node_modules\npm\bin\node-gyp-bin;C:\Users\Antoniya\Documents\GitHub\OnlineShop-course-node-express-react\course-js-shop\online-shop\node_modules\.bin;C:\Program Files (x86)\Common Files\Oracle\Java\javapath;C:\Program Files (x86)\Haskell\bin;C:\Program Files (x86)\Haskell Platform\8.0.1\lib\extralibs\bin;C:\Program Files (x86)\Haskell Platform\8.0.1\bin;C:\Program Files\Microsoft MPI\Bin\;C:\WINDOWS\system32;C:\WINDOWS;C:\WINDOWS\System32\Wbem;C:\WINDOWS\System32\WindowsPowerShell\v1.0\;C:\WINDOWS\system32\config\systemprofile\.dnx\bin;C:\Program Files\Microsoft DNX\Dnvm\;C:\Program Files (x86)\Windows Kits\10\Windows Performance Toolkit\;C:\Program Files (x86)\Microsoft SQL Server\130\Tools\Binn\;C:\Program Files\Microsoft SQL Server\130\Tools\Binn\;C:\Program Files (x86)\Microsoft SQL Server\130\DTS\Binn\;C:\Program Files\Microsoft SQL Server\130\DTS\Binn\;C:\Program Files\Microsoft SQL Server\Client SDK\ODBC\130\Tools\Binn\;C:\Program Files (x86)\Microsoft SQL Server\Client SDK\ODBC\130\Tools\Binn\;C:\Program Files (x86)\Microsoft SQL Server\130\Tools\Binn\ManagementStudio\;C:\Program Files (x86)\Microsoft SQL Server\110\DTS\Binn\;C:\Program Files (x86)\Microsoft SQL Server\120\DTS\Binn\;C:\Program Files (x86)\GtkSharp\2.12\bin;C:\Program Files (x86)\Haskell Platform\8.0.1\mingw\bin;C:\Program Files (x86)\Skype\Phone\;C:\Program Files\Git\cmd;C:\Program Files (x86)\Microsoft SQL Server\140\Tools\Binn\;C:\Program Files (x86)\Microsoft SQL Server\140\DTS\Binn\;C:\Program Files (x86)\Microsoft SQL Server\140\Tools\Binn\ManagementStudio\;C:\Program Files\MongoDB\Server\3.4\bin;;C:\WINDOWS\System32\OpenSSH\;C:\Program Files (x86)\nodejs\;C:\Users\Antoniya\AppData\Roaming\cabal\bin;C:\Users\Antoniya\AppData\Roaming\local\bin;C:\Users\Antoniya\AppData\Local\Programs\minghc-7.10.2-i386\switch;C:\Users\Antoniya\AppData\Local\Programs\minghc-7.10.2-i386\git-2.4.5.1\cmd;C:\Users\Antoniya\AppData\Local\Programs\minghc-7.10.2-i386\git-2.4.5.1\usr\bin;C:\Users\Antoniya\AppData\Local\Programs\minghc-7.10.2-i386\ghc-7.10.2\mingw\bin;C:\Users\Antoniya\AppData\Local\Programs\minghc-7.10.2-i386\ghc-7.10.2\bin;C:\Users\Antoniya\AppData\Local\Programs\minghc-7.10.2-i386\bin;C:\Users\Antoniya\AppData\Local\Microsoft\WindowsApps;C:\Program Files (x86)\Microsoft VS Code\bin;C:\Program Files\Heroku\bin;C:\Users\Antoniya\AppData\Roaming\npm
10 verbose lifecycle online-shop@1.0.0~start: CWD: C:\Users\Antoniya\Documents\GitHub\OnlineShop-course-node-express-react\course-js-shop\online-shop
11 silly lifecycle online-shop@1.0.0~start: Args: [ '/d /s /c',
11 silly lifecycle   'webpack-dev-server --inline --hot --progress --port 3000' ]
12 verbose stack Error: kill ENOSYS
12 verbose stack     at Object._errnoException (util.js:992:11)
12 verbose stack     at process.kill (internal/process.js:183:18)
12 verbose stack     at process.listener (C:\Users\Antoniya\AppData\Roaming\npm\node_modules\npm\node_modules\npmlog\node_modules\gauge\node_modules\signal-exit\index.js:86:15)
12 verbose stack     at emitNone (events.js:111:20)
12 verbose stack     at process.emit (events.js:208:7)
12 verbose stack     at processEmit (C:\Users\Antoniya\AppData\Roaming\npm\node_modules\npm\node_modules\npmlog\node_modules\gauge\node_modules\signal-exit\index.js:146:32)
12 verbose stack     at processEmit (C:\Users\Antoniya\AppData\Roaming\npm\node_modules\npm\node_modules\npm-registry-client\node_modules\npmlog\node_modules\gauge\node_modules\signal-exit\index.js:146:32)
12 verbose stack     at Signal.wrap.onsignal (internal/process.js:208:44)
13 verbose cwd C:\Users\Antoniya\Documents\GitHub\OnlineShop-course-node-express-react\course-js-shop\online-shop
14 error Windows_NT 10.0.17134
15 error argv "C:\\Program Files (x86)\\nodejs\\node.exe" "C:\\Users\\Antoniya\\AppData\\Roaming\\npm\\node_modules\\npm\\bin\\npm-cli.js" "start"
16 error node v8.11.2
17 error npm  v4.0.3
18 error code ENOSYS
19 error errno ENOSYS
20 error syscall kill
21 error kill ENOSYS
22 error If you need help, you may report this error at:
22 error     <https://github.com/npm/npm/issues>
23 verbose exit [ 1, true ]
